<?xml version="1.0" encoding="UTF-8"?>
<testng-results ignored="0" total="1" passed="1" failed="0" skipped="0">
  <reporter-output>
  </reporter-output>
  <suite started-at="2024-02-16T16:16:27 IST" name="Default suite" finished-at="2024-02-16T16:16:41 IST" duration-ms="13589">
    <groups>
    </groups>
    <test started-at="2024-02-16T16:16:27 IST" name="Default test" finished-at="2024-02-16T16:16:41 IST" duration-ms="13589">
      <class name="org.seleniumproject.Facebook">
        <test-method is-config="true" signature="invokeBrowser()[pri:0, instance:org.seleniumproject.Facebook@117159c0]" started-at="2024-02-16T16:16:27 IST" name="invokeBrowser" finished-at="2024-02-16T16:16:37 IST" duration-ms="10209" status="PASS">
          <reporter-output>
          </reporter-output>
        </test-method> <!-- invokeBrowser -->
        <test-method signature="signUpAccount()[pri:0, instance:org.seleniumproject.Facebook@117159c0]" started-at="2024-02-16T16:16:37 IST" name="signUpAccount" finished-at="2024-02-16T16:16:40 IST" duration-ms="2852" status="PASS">
          <reporter-output>
          </reporter-output>
        </test-method> <!-- signUpAccount -->
        <test-method is-config="true" signature="tearDown()[pri:0, instance:org.seleniumproject.Facebook@117159c0]" started-at="2024-02-16T16:16:40 IST" name="tearDown" finished-at="2024-02-16T16:16:41 IST" duration-ms="420" status="PASS">
          <reporter-output>
          </reporter-output>
        </test-method> <!-- tearDown -->
      </class> <!-- org.seleniumproject.Facebook -->
    </test> <!-- Default test -->
  </suite> <!-- Default suite -->
</testng-results>
